2023-10-17 11:31:05,737 - __main__ - INFO - Took shot shots/rotselaar_geldenaaksepoort_20231017-113105.png on 20231017-113105.
2023-10-17 11:31:08,756 - __main__ - INFO - Took shot shots/rotselaar_tiensevest_20231017-113108.png on 20231017-113108.
2023-10-17 11:31:11,628 - __main__ - INFO - Took shot shots/rotselaar_tiensesteenweg_20231017-113111.png on 20231017-113111.
2023-10-17 11:31:14,531 - __main__ - INFO - Took shot shots/rotselaar_tiensestraat_20231017-113114.png on 20231017-113114.
2023-10-17 11:37:33,394 - __main__ - INFO - Took shot shots/leuven_geldenaaksepoort_20231017-113733.png on 20231017-113733.
2023-10-17 11:37:36,215 - __main__ - INFO - Took shot shots/leuven_tiensevest_20231017-113736.png on 20231017-113736.
2023-10-17 11:37:38,923 - __main__ - INFO - Took shot shots/leuven_tiensesteenweg_20231017-113738.png on 20231017-113738.
2023-10-17 11:37:41,869 - __main__ - INFO - Took shot shots/leuven_tiensestraat_20231017-113741.png on 20231017-113741.
2023-10-17 11:42:31,140 - __main__ - INFO - Took shot shots/leuven_geldenaaksepoort_20231017-114230.png on 20231017-114230.
2023-10-17 11:42:34,009 - __main__ - INFO - Took shot shots/leuven_tiensevest_20231017-114233.png on 20231017-114233.
2023-10-17 11:42:36,740 - __main__ - INFO - Took shot shots/leuven_tiensesteenweg_20231017-114236.png on 20231017-114236.
2023-10-17 11:42:39,684 - __main__ - INFO - Took shot shots/leuven_tiensestraat_20231017-114239.png on 20231017-114239.
2023-10-17 11:45:35,103 - __main__ - INFO - Took shot shots/leuven_geldenaaksepoort_20231017-114534.png on 20231017-114534.
2023-10-17 11:45:37,902 - __main__ - INFO - Took shot shots/leuven_tiensevest_20231017-114537.png on 20231017-114537.
2023-10-17 11:45:40,632 - __main__ - INFO - Took shot shots/leuven_tiensesteenweg_20231017-114540.png on 20231017-114540.
2023-10-17 11:45:43,578 - __main__ - INFO - Took shot shots/leuven_tiensestraat_20231017-114543.png on 20231017-114543.
2023-10-17 11:50:46,234 - __main__ - INFO - Took shot shots/leuven_geldenaaksepoort_20231017-115046.png on 20231017-115046.
2023-10-17 11:50:48,827 - __main__ - INFO - Took shot shots/leuven_tiensevest_20231017-115048.png on 20231017-115048.
2023-10-17 11:50:51,491 - __main__ - INFO - Took shot shots/leuven_tiensesteenweg_20231017-115051.png on 20231017-115051.
2023-10-17 11:50:54,353 - __main__ - INFO - Took shot shots/leuven_tiensestraat_20231017-115054.png on 20231017-115054.
